Started GET "/users/sign_in" for ::1 at 2020-04-30 15:47:06 -0500
  [1m[35m (1.6ms)[0m  [1m[34mSELECT "schema_migrations"."version" FROM "schema_migrations" ORDER BY "schema_migrations"."version" ASC[0m
Processing by Users::SessionsController#new as HTML
  Rendering users/sessions/new.html.erb within layouts/devise
  Rendered users/sessions/new.html.erb within layouts/devise (Duration: 418.1ms | Allocations: 90128)
[Webpacker] Everything's up-to-date. Nothing to do
  Rendered layouts/_navbar.html.erb (Duration: 2.9ms | Allocations: 1366)
  Rendered layouts/_footer.html.erb (Duration: 0.6ms | Allocations: 111)
Completed 200 OK in 493ms (Views: 456.0ms | ActiveRecord: 11.3ms | Allocations: 113308)


Started POST "/users/sign_in" for ::1 at 2020-04-30 15:47:14 -0500
Processing by Users::SessionsController#create as HTML
  Parameters: {"authenticity_token"=>"m5rr9sRhKKCrKQWib7wQ021JTP4DNAe2omu68LzVSx1gJaodqUwKWotgLnM3gXwFMhDAhPF24yUmHO4Ju1B7GQ==", "user"=>{"email"=>"a.jalvarez@hotmail.com", "password"=>"[FILTERED]", "remember_me"=>"0"}, "commit"=>"Sign in"}
  [1m[36mUser Load (6.6ms)[0m  [1m[34mSELECT "users".* FROM "users" WHERE "users"."email" = $1 ORDER BY "users"."id" ASC LIMIT $2[0m  [["email", "a.jalvarez@hotmail.com"], ["LIMIT", 1]]
Redirected to http://localhost:3001/
Completed 302 Found in 143ms (ActiveRecord: 6.8ms | Allocations: 6092)


Started GET "/" for ::1 at 2020-04-30 15:47:14 -0500
Processing by DashboardController#index as HTML
  [1m[36mUser Load (0.2ms)[0m  [1m[34mSELECT "users".* FROM "users" WHERE "users"."id" = $1 ORDER BY "users"."id" ASC LIMIT $2[0m  [["id", 1], ["LIMIT", 1]]
  Rendering dashboard/index.html.erb within layouts/dashboard
  Rendered dashboard/index.html.erb within layouts/dashboard (Duration: 4.2ms | Allocations: 3223)
[Webpacker] Everything's up-to-date. Nothing to do
Completed 200 OK in 18ms (Views: 15.4ms | ActiveRecord: 0.2ms | Allocations: 13840)


Started GET "/" for ::1 at 2020-04-30 15:47:18 -0500
Processing by DashboardController#index as HTML
  [1m[36mUser Load (1.2ms)[0m  [1m[34mSELECT "users".* FROM "users" WHERE "users"."id" = $1 ORDER BY "users"."id" ASC LIMIT $2[0m  [["id", 1], ["LIMIT", 1]]
  Rendering dashboard/index.html.erb within layouts/dashboard
  Rendered dashboard/index.html.erb within layouts/dashboard (Duration: 5.1ms | Allocations: 2306)
[Webpacker] Everything's up-to-date. Nothing to do
Completed 200 OK in 54ms (Views: 49.2ms | ActiveRecord: 1.2ms | Allocations: 12225)


Started GET "/logout" for ::1 at 2020-04-30 15:47:20 -0500
Processing by Devise::SessionsController#destroy as HTML
  [1m[36mUser Load (0.2ms)[0m  [1m[34mSELECT "users".* FROM "users" WHERE "users"."id" = $1 ORDER BY "users"."id" ASC LIMIT $2[0m  [["id", 1], ["LIMIT", 1]]
Redirected to http://localhost:3001/
Completed 302 Found in 7ms (ActiveRecord: 0.2ms | Allocations: 2954)


Started GET "/" for ::1 at 2020-04-30 15:47:20 -0500
Processing by DashboardController#index as HTML
Completed 401 Unauthorized in 1ms (ActiveRecord: 0.0ms | Allocations: 698)


Started GET "/users/sign_in" for ::1 at 2020-04-30 15:47:20 -0500
Processing by Users::SessionsController#new as HTML
  Rendering users/sessions/new.html.erb within layouts/devise
  Rendered users/sessions/new.html.erb within layouts/devise (Duration: 4.8ms | Allocations: 1798)
[Webpacker] Everything's up-to-date. Nothing to do
  Rendered layouts/_navbar.html.erb (Duration: 1.5ms | Allocations: 1090)
  Rendered layouts/_footer.html.erb (Duration: 0.0ms | Allocations: 5)
Completed 200 OK in 18ms (Views: 16.9ms | ActiveRecord: 0.0ms | Allocations: 11833)


Started GET "/" for ::1 at 2020-04-30 16:00:40 -0500
  [1m[35m (7.2ms)[0m  [1m[34mSELECT "schema_migrations"."version" FROM "schema_migrations" ORDER BY "schema_migrations"."version" ASC[0m
Processing by DashboardController#index as HTML
Completed 401 Unauthorized in 16ms (ActiveRecord: 0.0ms | Allocations: 4114)


Started GET "/users/sign_in" for ::1 at 2020-04-30 16:00:40 -0500
Processing by Users::SessionsController#new as HTML
  Rendering users/sessions/new.html.erb within layouts/devise
  Rendered users/sessions/new.html.erb within layouts/devise (Duration: 195.2ms | Allocations: 45739)
[Webpacker] Everything's up-to-date. Nothing to do
  Rendered layouts/_navbar.html.erb (Duration: 4.8ms | Allocations: 1398)
  Rendered layouts/_footer.html.erb (Duration: 1.1ms | Allocations: 111)
Completed 200 OK in 291ms (Views: 246.5ms | ActiveRecord: 17.5ms | Allocations: 64807)


Started POST "/users/sign_in" for ::1 at 2020-04-30 16:00:52 -0500
Processing by Users::SessionsController#create as HTML
  Parameters: {"authenticity_token"=>"JU918ZVFBfiG9tznYdBtqE5nA0SLJuKD3/YP2dHpCcJzJ1+Zyimw+CWaBQXb+FI+fDI8iGmCmawMQl+eAmKDJQ==", "user"=>{"email"=>"a.jalvarez@hotmail.com", "password"=>"[FILTERED]", "remember_me"=>"0"}, "commit"=>"Sign in"}
  [1m[36mUser Load (1.1ms)[0m  [1m[34mSELECT "users".* FROM "users" WHERE "users"."email" = $1 ORDER BY "users"."id" ASC LIMIT $2[0m  [["email", "a.jalvarez@hotmail.com"], ["LIMIT", 1]]
Redirected to http://localhost:3001/
Completed 302 Found in 144ms (ActiveRecord: 1.3ms | Allocations: 6065)


Started GET "/" for ::1 at 2020-04-30 16:00:52 -0500
Processing by DashboardController#index as HTML
  [1m[36mUser Load (0.2ms)[0m  [1m[34mSELECT "users".* FROM "users" WHERE "users"."id" = $1 ORDER BY "users"."id" ASC LIMIT $2[0m  [["id", 1], ["LIMIT", 1]]
  Rendering dashboard/index.html.erb within layouts/dashboard
  Rendered dashboard/index.html.erb within layouts/dashboard (Duration: 8.1ms | Allocations: 3265)
[Webpacker] Everything's up-to-date. Nothing to do
Completed 200 OK in 20ms (Views: 17.7ms | ActiveRecord: 0.2ms | Allocations: 13835)


Started GET "/logout" for ::1 at 2020-04-30 16:01:00 -0500
Processing by Devise::SessionsController#destroy as HTML
  [1m[36mUser Load (0.3ms)[0m  [1m[34mSELECT "users".* FROM "users" WHERE "users"."id" = $1 ORDER BY "users"."id" ASC LIMIT $2[0m  [["id", 1], ["LIMIT", 1]]
Redirected to http://localhost:3001/
Completed 302 Found in 8ms (ActiveRecord: 0.3ms | Allocations: 2929)


Started GET "/" for ::1 at 2020-04-30 16:01:00 -0500
Processing by DashboardController#index as HTML
Completed 401 Unauthorized in 1ms (ActiveRecord: 0.0ms | Allocations: 691)


Started GET "/users/sign_in" for ::1 at 2020-04-30 16:01:00 -0500
Processing by Users::SessionsController#new as HTML
  Rendering users/sessions/new.html.erb within layouts/devise
  Rendered users/sessions/new.html.erb within layouts/devise (Duration: 2.3ms | Allocations: 1797)
[Webpacker] Everything's up-to-date. Nothing to do
  Rendered layouts/_navbar.html.erb (Duration: 1.3ms | Allocations: 1090)
  Rendered layouts/_footer.html.erb (Duration: 0.0ms | Allocations: 5)
Completed 200 OK in 23ms (Views: 21.6ms | ActiveRecord: 0.0ms | Allocations: 11834)


Started GET "/" for ::1 at 2020-04-30 16:10:07 -0500
  [1m[35m (0.7ms)[0m  [1m[34mSELECT "schema_migrations"."version" FROM "schema_migrations" ORDER BY "schema_migrations"."version" ASC[0m
Processing by DashboardController#index as HTML
Completed 401 Unauthorized in 20ms (ActiveRecord: 0.0ms | Allocations: 4116)


Started GET "/users/sign_in" for ::1 at 2020-04-30 16:10:08 -0500
Processing by Users::SessionsController#new as HTML
  Rendering users/sessions/new.html.erb within layouts/devise
  Rendered users/sessions/new.html.erb within layouts/devise (Duration: 196.1ms | Allocations: 45701)
[Webpacker] Everything's up-to-date. Nothing to do
  Rendered layouts/_navbar.html.erb (Duration: 3.7ms | Allocations: 1398)
  Rendered layouts/_footer.html.erb (Duration: 0.6ms | Allocations: 111)
Completed 200 OK in 284ms (Views: 254.8ms | ActiveRecord: 4.1ms | Allocations: 64771)


Started POST "/users/sign_in" for ::1 at 2020-04-30 16:10:15 -0500
Processing by Users::SessionsController#create as HTML
  Parameters: {"authenticity_token"=>"wSPhm3kH7nStiZ09fouF4mWMO9nBEkGQ3pySonn2Ejo/k3rilTbIoAZXJgfA3DvCSHPQM8sQ+UmvgDcOzNj5dg==", "user"=>{"email"=>"a.jalvarez@hotmail.com", "password"=>"[FILTERED]", "remember_me"=>"0"}, "commit"=>"Sign in"}
  [1m[36mUser Load (1.4ms)[0m  [1m[34mSELECT "users".* FROM "users" WHERE "users"."email" = $1 ORDER BY "users"."id" ASC LIMIT $2[0m  [["email", "a.jalvarez@hotmail.com"], ["LIMIT", 1]]
Redirected to http://localhost:3001/
Completed 302 Found in 132ms (ActiveRecord: 1.6ms | Allocations: 6062)


Started GET "/" for ::1 at 2020-04-30 16:10:16 -0500
Processing by DashboardController#index as HTML
  [1m[36mUser Load (0.3ms)[0m  [1m[34mSELECT "users".* FROM "users" WHERE "users"."id" = $1 ORDER BY "users"."id" ASC LIMIT $2[0m  [["id", 1], ["LIMIT", 1]]
  Rendering dashboard/index.html.erb within layouts/dashboard
  Rendered dashboard/index.html.erb within layouts/dashboard (Duration: 8.6ms | Allocations: 3265)
Completed 200 OK in 21ms (Views: 17.2ms | ActiveRecord: 0.3ms | Allocations: 11725)


  
ActionController::RoutingError (No route matches [GET] "/assets/vendor/bootstrap/dist/js/bootstrap.bundle.min.js.map"):
  
actionpack (6.0.2.2) lib/action_dispatch/middleware/debug_exceptions.rb:36:in `call'
web-console (4.0.1) lib/web_console/middleware.rb:132:in `call_app'
web-console (4.0.1) lib/web_console/middleware.rb:28:in `block in call'
web-console (4.0.1) lib/web_console/middleware.rb:17:in `catch'
web-console (4.0.1) lib/web_console/middleware.rb:17:in `call'
actionpack (6.0.2.2) lib/action_dispatch/middleware/show_exceptions.rb:33:in `call'
railties (6.0.2.2) lib/rails/rack/logger.rb:38:in `call_app'
railties (6.0.2.2) lib/rails/rack/logger.rb:26:in `block in call'
activesupport (6.0.2.2) lib/active_support/tagged_logging.rb:80:in `block in tagged'
activesupport (6.0.2.2) lib/active_support/tagged_logging.rb:28:in `tagged'
activesupport (6.0.2.2) lib/active_support/tagged_logging.rb:80:in `tagged'
railties (6.0.2.2) lib/rails/rack/logger.rb:26:in `call'
sprockets-rails (3.2.1) lib/sprockets/rails/quiet_assets.rb:11:in `block in call'
activesupport (6.0.2.2) lib/active_support/logger_silence.rb:36:in `silence'
activesupport (6.0.2.2) lib/active_support/logger.rb:64:in `block (3 levels) in broadcast'
activesupport (6.0.2.2) lib/active_support/logger_silence.rb:36:in `silence'
activesupport (6.0.2.2) lib/active_support/logger.rb:62:in `block (2 levels) in broadcast'
sprockets-rails (3.2.1) lib/sprockets/rails/quiet_assets.rb:11:in `call'
actionpack (6.0.2.2) lib/action_dispatch/middleware/remote_ip.rb:81:in `call'
actionpack (6.0.2.2) lib/action_dispatch/middleware/request_id.rb:27:in `call'
rack (2.2.2) lib/rack/method_override.rb:24:in `call'
rack (2.2.2) lib/rack/runtime.rb:22:in `call'
activesupport (6.0.2.2) lib/active_support/cache/strategy/local_cache_middleware.rb:29:in `call'
actionpack (6.0.2.2) lib/action_dispatch/middleware/executor.rb:14:in `call'
actionpack (6.0.2.2) lib/action_dispatch/middleware/static.rb:126:in `call'
rack (2.2.2) lib/rack/sendfile.rb:110:in `call'
actionpack (6.0.2.2) lib/action_dispatch/middleware/host_authorization.rb:83:in `call'
webpacker (4.2.2) lib/webpacker/dev_server_proxy.rb:23:in `perform_request'
rack-proxy (0.6.5) lib/rack/proxy.rb:57:in `call'
railties (6.0.2.2) lib/rails/engine.rb:526:in `call'
puma (4.3.3) lib/puma/configuration.rb:228:in `call'
puma (4.3.3) lib/puma/server.rb:682:in `handle_request'
puma (4.3.3) lib/puma/server.rb:472:in `process_client'
puma (4.3.3) lib/puma/server.rb:328:in `block in run'
puma (4.3.3) lib/puma/thread_pool.rb:134:in `block in spawn_thread'
  
ActionController::RoutingError (No route matches [GET] "/assets/vendor/jquery-scroll-lock/dist/jquery-scrollLock.min.js.map"):
  
actionpack (6.0.2.2) lib/action_dispatch/middleware/debug_exceptions.rb:36:in `call'
web-console (4.0.1) lib/web_console/middleware.rb:132:in `call_app'
web-console (4.0.1) lib/web_console/middleware.rb:28:in `block in call'
web-console (4.0.1) lib/web_console/middleware.rb:17:in `catch'
web-console (4.0.1) lib/web_console/middleware.rb:17:in `call'
actionpack (6.0.2.2) lib/action_dispatch/middleware/show_exceptions.rb:33:in `call'
railties (6.0.2.2) lib/rails/rack/logger.rb:38:in `call_app'
railties (6.0.2.2) lib/rails/rack/logger.rb:26:in `block in call'
activesupport (6.0.2.2) lib/active_support/tagged_logging.rb:80:in `block in tagged'
activesupport (6.0.2.2) lib/active_support/tagged_logging.rb:28:in `tagged'
activesupport (6.0.2.2) lib/active_support/tagged_logging.rb:80:in `tagged'
railties (6.0.2.2) lib/rails/rack/logger.rb:26:in `call'
sprockets-rails (3.2.1) lib/sprockets/rails/quiet_assets.rb:11:in `block in call'
activesupport (6.0.2.2) lib/active_support/logger_silence.rb:36:in `silence'
activesupport (6.0.2.2) lib/active_support/logger.rb:64:in `block (3 levels) in broadcast'
activesupport (6.0.2.2) lib/active_support/logger_silence.rb:36:in `silence'
activesupport (6.0.2.2) lib/active_support/logger.rb:62:in `block (2 levels) in broadcast'
sprockets-rails (3.2.1) lib/sprockets/rails/quiet_assets.rb:11:in `call'
actionpack (6.0.2.2) lib/action_dispatch/middleware/remote_ip.rb:81:in `call'
actionpack (6.0.2.2) lib/action_dispatch/middleware/request_id.rb:27:in `call'
rack (2.2.2) lib/rack/method_override.rb:24:in `call'
rack (2.2.2) lib/rack/runtime.rb:22:in `call'
activesupport (6.0.2.2) lib/active_support/cache/strategy/local_cache_middleware.rb:29:in `call'
actionpack (6.0.2.2) lib/action_dispatch/middleware/executor.rb:14:in `call'
actionpack (6.0.2.2) lib/action_dispatch/middleware/static.rb:126:in `call'
rack (2.2.2) lib/rack/sendfile.rb:110:in `call'
actionpack (6.0.2.2) lib/action_dispatch/middleware/host_authorization.rb:83:in `call'
webpacker (4.2.2) lib/webpacker/dev_server_proxy.rb:23:in `perform_request'
rack-proxy (0.6.5) lib/rack/proxy.rb:57:in `call'
railties (6.0.2.2) lib/rails/engine.rb:526:in `call'
puma (4.3.3) lib/puma/configuration.rb:228:in `call'
puma (4.3.3) lib/puma/server.rb:682:in `handle_request'
puma (4.3.3) lib/puma/server.rb:472:in `process_client'
puma (4.3.3) lib/puma/server.rb:328:in `block in run'
puma (4.3.3) lib/puma/thread_pool.rb:134:in `block in spawn_thread'
Started GET "/" for ::1 at 2020-04-30 16:44:48 -0500
  [1m[35m (0.9ms)[0m  [1m[34mSELECT "schema_migrations"."version" FROM "schema_migrations" ORDER BY "schema_migrations"."version" ASC[0m
Processing by DashboardController#index as HTML
Completed 401 Unauthorized in 17ms (ActiveRecord: 0.0ms | Allocations: 4111)


Started GET "/users/sign_in" for ::1 at 2020-04-30 16:44:48 -0500
Processing by Users::SessionsController#new as HTML
  Rendering users/sessions/new.html.erb within layouts/devise
  Rendered users/sessions/new.html.erb within layouts/devise (Duration: 178.8ms | Allocations: 45966)
[Webpacker] Everything's up-to-date. Nothing to do
  Rendered layouts/_navbar.html.erb (Duration: 4.0ms | Allocations: 1398)
  Rendered layouts/_footer.html.erb (Duration: 0.8ms | Allocations: 111)
Completed 200 OK in 256ms (Views: 223.9ms | ActiveRecord: 4.9ms | Allocations: 65034)


Started POST "/users/sign_in" for ::1 at 2020-04-30 16:45:02 -0500
Processing by Users::SessionsController#create as HTML
  Parameters: {"authenticity_token"=>"v9awjuea9NXkO17GYIEZmllKVB0jjQ1F6V3RX7WUJWpacc/Qrt4oaebt7gFSfhRhj8+nDm3tcCaj0tG6/Ajiug==", "user"=>{"email"=>"a.jalvarez@hotmail.com", "password"=>"[FILTERED]", "remember_me"=>"0"}, "commit"=>"Sign in"}
  [1m[36mUser Load (0.9ms)[0m  [1m[34mSELECT "users".* FROM "users" WHERE "users"."email" = $1 ORDER BY "users"."id" ASC LIMIT $2[0m  [["email", "a.jalvarez@hotmail.com"], ["LIMIT", 1]]
Redirected to http://localhost:3001/
Completed 302 Found in 132ms (ActiveRecord: 1.1ms | Allocations: 6065)


Started GET "/" for ::1 at 2020-04-30 16:45:02 -0500
Processing by DashboardController#index as HTML
  [1m[36mUser Load (0.2ms)[0m  [1m[34mSELECT "users".* FROM "users" WHERE "users"."id" = $1 ORDER BY "users"."id" ASC LIMIT $2[0m  [["id", 1], ["LIMIT", 1]]
  Rendering dashboard/index.html.erb within layouts/dashboard
  Rendered dashboard/index.html.erb within layouts/dashboard (Duration: 9.4ms | Allocations: 3265)
Completed 200 OK in 19ms (Views: 15.8ms | ActiveRecord: 0.2ms | Allocations: 11732)


Started GET "/logout" for ::1 at 2020-04-30 16:45:07 -0500
Processing by Devise::SessionsController#destroy as HTML
  [1m[36mUser Load (0.5ms)[0m  [1m[34mSELECT "users".* FROM "users" WHERE "users"."id" = $1 ORDER BY "users"."id" ASC LIMIT $2[0m  [["id", 1], ["LIMIT", 1]]
Redirected to http://localhost:3001/
Completed 302 Found in 8ms (ActiveRecord: 0.5ms | Allocations: 2947)


Started GET "/" for ::1 at 2020-04-30 16:45:07 -0500
Processing by DashboardController#index as HTML
Completed 401 Unauthorized in 1ms (ActiveRecord: 0.0ms | Allocations: 684)


Started GET "/users/sign_in" for ::1 at 2020-04-30 16:45:07 -0500
Processing by Users::SessionsController#new as HTML
  Rendering users/sessions/new.html.erb within layouts/devise
  Rendered users/sessions/new.html.erb within layouts/devise (Duration: 4.3ms | Allocations: 1798)
[Webpacker] Everything's up-to-date. Nothing to do
  Rendered layouts/_navbar.html.erb (Duration: 3.4ms | Allocations: 1090)
  Rendered layouts/_footer.html.erb (Duration: 0.0ms | Allocations: 5)
Completed 200 OK in 23ms (Views: 21.4ms | ActiveRecord: 0.0ms | Allocations: 11836)


